<?xml version="1.0" encoding="UTF-8"?>
<!-- Generated by org.testng.reporters.JUnitXMLReporter -->
<testsuite ignored="0" hostname="LAPTOP-0I845IR8" failures="1" tests="1" name="TestCase001" time="0.057" errors="0" timestamp="2024-08-18T21:15:14 IST">
  <testcase classname="Assertion_Demo.Allassertion_In_1_method" name="Allassertion_In_1_Test_methodt" time="0.016">
    <failure type="java.lang.AssertionError" message="This method will pass only when the condition become true expected [true] but found [false]">
      <![CDATA[java.lang.AssertionError: This method will pass only when the condition become true expected [true] but found [false]
at Assertion_Demo.Allassertion_In_1_method.Allassertion_In_1_Test_methodt(Allassertion_In_1_method.java:17)
at java.base/java.util.ArrayList.forEach(ArrayList.java:1541)
... Removed 30 stack frames]]>
    </failure>
  </testcase> <!-- Allassertion_In_1_Test_methodt -->
</testsuite> <!-- TestCase001 -->
