<?xml version="1.0" encoding="UTF-8"?>
<!-- Generated by org.testng.reporters.JUnitXMLReporter -->
<testsuite ignored="0" hostname="LAPTOP-0I845IR8" failures="2" tests="2" name="Practice" time="49.192" errors="0" timestamp="2024-08-30T00:53:07 IST">
  <testcase classname="com.POM.Practice.test.CartPageTest" name="cart_Page_Test" time="22.141">
    <failure type="java.lang.AssertionError" message="expected [IPHONE 13PRO] but found [IPHONE 13 PRO]">
      <![CDATA[java.lang.AssertionError: expected [IPHONE 13PRO] but found [IPHONE 13 PRO]
at com.POM.Practice.test.CartPageTest.cart_Page_Test(CartPageTest.java:66)
at java.base/java.util.ArrayList.forEach(ArrayList.java:1541)
... Removed 37 stack frames]]>
    </failure>
  </testcase> <!-- cart_Page_Test -->
  <testcase classname="com.POM.Practice.test.CartPageTest" name="cart_Page_Test" time="24.028">
    <failure type="java.lang.AssertionError" message="expected [IPHONE 13PRO] but found [IPHONE 13 PRO]">
      <![CDATA[java.lang.AssertionError: expected [IPHONE 13PRO] but found [IPHONE 13 PRO]
at com.POM.Practice.test.CartPageTest.cart_Page_Test(CartPageTest.java:66)
at java.base/java.util.ArrayList.forEach(ArrayList.java:1541)
... Removed 37 stack frames]]>
    </failure>
  </testcase> <!-- cart_Page_Test -->
</testsuite> <!-- Practice -->
