<?xml version="1.0" encoding="UTF-8"?>
<testng-results ignored="0" total="2" passed="2" failed="0" skipped="0">
  <reporter-output>
  </reporter-output>
  <suite started-at="2024-08-30T00:54:10 IST" name="Suite" finished-at="2024-08-30T00:54:27 IST" duration-ms="17473">
    <groups>
    </groups>
    <test started-at="2024-08-30T00:54:10 IST" name="Practice01" finished-at="2024-08-30T00:54:18 IST" duration-ms="8390">
      <class name="com.POM.Practice.test.LoginTest">
        <test-method is-config="true" signature="beforeTest()[pri:0, instance:com.POM.Practice.test.LoginTest@62e7f11d]" started-at="2024-08-30T00:54:10 IST" name="beforeTest" finished-at="2024-08-30T00:54:12 IST" duration-ms="2320" status="PASS">
          <reporter-output>
          </reporter-output>
        </test-method> <!-- beforeTest -->
        <test-method signature="login_Test()[pri:0, instance:com.POM.Practice.test.LoginTest@62e7f11d]" started-at="2024-08-30T00:54:12 IST" name="login_Test" finished-at="2024-08-30T00:54:18 IST" duration-ms="5842" status="PASS">
          <reporter-output>
          </reporter-output>
        </test-method> <!-- login_Test -->
        <test-method is-config="true" signature="afterTest()[pri:0, instance:com.POM.Practice.test.LoginTest@62e7f11d]" started-at="2024-08-30T00:54:18 IST" name="afterTest" finished-at="2024-08-30T00:54:18 IST" duration-ms="151" status="PASS">
          <reporter-output>
          </reporter-output>
        </test-method> <!-- afterTest -->
      </class> <!-- com.POM.Practice.test.LoginTest -->
    </test> <!-- Practice01 -->
    <test started-at="2024-08-30T00:54:10 IST" name="Practice02" finished-at="2024-08-30T00:54:27 IST" duration-ms="17473">
      <class name="com.POM.Practice.test.HomePageTest">
        <test-method is-config="true" signature="beforeTest()[pri:0, instance:com.POM.Practice.test.HomePageTest@6d3a388c]" started-at="2024-08-30T00:54:10 IST" name="beforeTest" finished-at="2024-08-30T00:54:16 IST" duration-ms="6184" status="PASS">
          <reporter-output>
          </reporter-output>
        </test-method> <!-- beforeTest -->
        <test-method signature="home_Page_Test()[pri:0, instance:com.POM.Practice.test.HomePageTest@6d3a388c]" started-at="2024-08-30T00:54:16 IST" name="home_Page_Test" finished-at="2024-08-30T00:54:27 IST" duration-ms="11036" status="PASS">
          <reporter-output>
          </reporter-output>
        </test-method> <!-- home_Page_Test -->
        <test-method is-config="true" signature="afterTest()[pri:0, instance:com.POM.Practice.test.HomePageTest@6d3a388c]" started-at="2024-08-30T00:54:27 IST" name="afterTest" finished-at="2024-08-30T00:54:27 IST" duration-ms="247" status="PASS">
          <reporter-output>
          </reporter-output>
        </test-method> <!-- afterTest -->
      </class> <!-- com.POM.Practice.test.HomePageTest -->
    </test> <!-- Practice02 -->
  </suite> <!-- Suite -->
</testng-results>
