<?xml version="1.0" encoding="UTF-8"?>
<testsuite xmlns:xsi="http://www.w3.org/2001/XMLSchema-instance" xsi:noNamespaceSchemaLocation="https://maven.apache.org/surefire/maven-surefire-plugin/xsd/surefire-test-report.xsd" version="3.0.2" name="TestSuite" time="18.081" tests="2" errors="0" skipped="0" failures="0">
  <properties>
[...]
</properties>
  <testcase name="login_Test" classname="com.POM.Practice.test.LoginTest" time="2.057">
    <system-out><![CDATA[Login test is passed
]]></system-out>
    <system-err><![CDATA[SLF4J(W): No SLF4J providers were found.
SLF4J(W): Defaulting to no-operation (NOP) logger implementation
SLF4J(W): See https://www.slf4j.org/codes.html#noProviders for further details.
Starting ChromeDriver 128.0.6613.86 (3045ed680fdab64f784f3b366cfe74adbdf6ff01-refs/branch-heads/6613@{#1337}) on port 61506
Only local connections are allowed.
Please see https://chromedriver.chromium.org/security-considerations for suggestions on keeping ChromeDriver safe.
ChromeDriver was started sucScetsasrftuilnlyg  oCnh rpoomreDtr i6v1e5r0 6.128
.0.6613.86 (3045ed680fdab64f784f3b366cfe74adbdf6ff01-refs/branch-heads/6613@{#1337}) on port 16175
Only local connections are allowed.
Please see https://chromedriver.chromium.org/security-considerations for suggestions on keeping ChromeDriver safe.
ChromeDriver was started successfully on port 16175.
Aug 30, 2024 12:54:12 AM org.openqa.selenium.remote.ProtocolHandshake createSession
INFO: Detected dialect: W3C
Aug 30, 2024 12:54:12 AM org.openqa.selenium.remote.ProtocolHandshake createSession
INFO: Detected dialect: W3C
]]></system-err>
  </testcase>
  <testcase name="home_Page_Test" classname="com.POM.Practice.test.HomePageTest" time="11.04">
    <system-out><![CDATA[1
2
Home Page test is passed
]]></system-out>
  </testcase>
</testsuite>