<?xml version="1.0" encoding="UTF-8"?>
<!-- Generated by org.testng.reporters.JUnitXMLReporter -->
<testsuite ignored="0" hostname="LAPTOP-0I845IR8" failures="0" tests="5" name="ListnersTest" time="92.013" errors="0" timestamp="2024-08-27T13:22:11 IST">
  <testcase classname="com.POM.Practice.LoginTest" name="login_Test" time="7.263"/>
  <testcase classname="com.POM.Practice.HomePageTest" name="home_Page_Test" time="10.446"/>
  <testcase classname="com.POM.Practice.CartPageTest" name="car_Page_Test" time="15.283"/>
  <testcase classname="com.POM.Practice.PaymentPageTest" name="payment_Page_Teat" time="2.751"/>
  <testcase classname="com.POM.Practice.OrderConfirmTest" name="Order_Confirmation_Test" time="0.064"/>
</testsuite> <!-- ListnersTest -->
